<?xml version="1.0" encoding="UTF-8" standalone="no"?>
<testsuite failures="0" name="cucumber.runtime.formatter.JUnitFormatter" skipped="0" tests="3" time="0.180283">
<testcase classname="Free CRM app test" name="Free CRM create deal test" time="0.178407">
<system-out><![CDATA[Given user is an deal page..................................................passed
When user fills the deal form...............................................passed
Then deal is created........................................................passed
]]></system-out>
</testcase>
<testcase classname="Free CRM app test" name="Free CRM create deal test" time="0.000943">
<system-out><![CDATA[Given user is an deal page..................................................passed
When user fills the deal form...............................................passed
Then deal is created........................................................passed
]]></system-out>
</testcase>
<testcase classname="Free CRM app test" name="Free CRM create deal test" time="0.000933">
<system-out><![CDATA[Given user is an deal page..................................................passed
When user fills the deal form...............................................passed
Then deal is created........................................................passed
]]></system-out>
</testcase>
</testsuite>
