<?xml version="1.0" encoding="UTF-8"?>
<!-- Generated by org.testng.reporters.JUnitReportReporter -->
<testsuite skipped="0" hostname="PMANALA" name="runner.TestRunnerUsingTestNG" tests="1" failures="0" timestamp="27 Sep 2018 11:13:34 GMT" time="29.339" errors="0">
  <testcase name="feature" time="29.339" classname="runner.TestRunnerUsingTestNG"/>
</testsuite> <!-- runner.TestRunnerUsingTestNG -->
