<?xml version="1.0" encoding="UTF-8"?>
<!-- Generated by org.testng.reporters.JUnitReportReporter -->
<testsuite skipped="0" hostname="PMANALA" name="com.automation.bhanuprathap.testRunner.DocStringCheck" tests="1" failures="0" timestamp="22 Nov 2018 07:40:25 GMT" time="0.020" errors="0">
  <testcase name="feature" time="0.020" classname="com.automation.bhanuprathap.testRunner.DocStringCheck"/>
</testsuite> <!-- com.automation.bhanuprathap.testRunner.DocStringCheck -->
