<?xml version="1.0" encoding="UTF-8"?>
<!-- Generated by org.testng.reporters.JUnitReportReporter -->
<testsuite skipped="0" hostname="PMANALA" name="com.automation.extentReports.CreatingLogs" tests="1" failures="0" timestamp="15 Nov 2018 10:27:04 GMT" time="0.030" errors="0">
  <testcase name="logGeneration" time="0.030" classname="com.automation.extentReports.CreatingLogs"/>
</testsuite> <!-- com.automation.extentReports.CreatingLogs -->
