<?xml version="1.0" encoding="UTF-8"?>
<!-- Generated by org.testng.reporters.JUnitReportReporter -->
<testsuite skipped="0" hostname="PMANALA" name="com.automation.bhanuprathap.testRunner.TestRunner" tests="1" failures="0" timestamp="20 Nov 2018 09:31:24 GMT" time="23.069" errors="0">
  <testcase name="feature" time="23.069" classname="com.automation.bhanuprathap.testRunner.TestRunner"/>
</testsuite> <!-- com.automation.bhanuprathap.testRunner.TestRunner -->
