<?xml version="1.0" encoding="UTF-8"?>
<!-- Generated by org.testng.reporters.JUnitReportReporter -->
<testsuite skipped="0" hostname="PMANALA" name="runner.RunnerClass" tests="1" failures="0" timestamp="31 Aug 2018 06:55:49 GMT" time="78.147" errors="0">
  <testcase name="feature" time="78.147" classname="runner.RunnerClass"/>
</testsuite> <!-- runner.RunnerClass -->
