<?xml version="1.0" encoding="UTF-8"?>
<!-- Generated by org.testng.reporters.JUnitReportReporter -->
<testsuite skipped="0" hostname="PMANALA" name="com.automation.bhanuprathap.testRunner.RunAllFeaturefFilesATaTime" tests="3" failures="0" timestamp="21 Nov 2018 07:19:15 GMT" time="0.370" errors="0">
  <testcase name="feature" time="0.306" classname="com.automation.bhanuprathap.testRunner.RunAllFeaturefFilesATaTime"/>
  <testcase name="feature" time="0.006" classname="com.automation.bhanuprathap.testRunner.RunAllFeaturefFilesATaTime"/>
  <testcase name="feature" time="0.058" classname="com.automation.bhanuprathap.testRunner.RunAllFeaturefFilesATaTime"/>
</testsuite> <!-- com.automation.bhanuprathap.testRunner.RunAllFeaturefFilesATaTime -->
