<?xml version="1.0" encoding="UTF-8"?>
<!-- Generated by org.testng.reporters.JUnitReportReporter -->
<testsuite skipped="0" hostname="PMANALA" name="com.automation.bhanuprathap.testRunner.TestRunnerCRM" tests="1" failures="0" timestamp="29 Nov 2018 09:03:54 GMT" time="51.377" errors="0">
  <testcase name="feature" time="51.377" classname="com.automation.bhanuprathap.testRunner.TestRunnerCRM"/>
</testsuite> <!-- com.automation.bhanuprathap.testRunner.TestRunnerCRM -->
