<?xml version="1.0" encoding="UTF-8"?>
<!-- Generated by org.testng.reporters.JUnitReportReporter -->
<testsuite skipped="0" hostname="PMANALA" name="com.automation.utilites.FirefoxDriver" tests="1" failures="0" timestamp="29 Aug 2018 08:32:56 GMT" time="0.024" errors="0">
  <testcase name="login" time="0.024" classname="com.automation.utilites.FirefoxDriver"/>
</testsuite> <!-- com.automation.utilites.FirefoxDriver -->
