<?xml version="1.0" encoding="UTF-8"?>
<!-- Generated by org.testng.reporters.JUnitReportReporter -->
<testsuite skipped="0" hostname="PMANALA" name="runner.TestRunnerUsingTestNG" tests="1" failures="0" timestamp="23 Aug 2018 12:04:12 GMT" time="35.628" errors="0">
  <testcase name="feature" time="35.628" classname="runner.TestRunnerUsingTestNG"/>
</testsuite> <!-- runner.TestRunnerUsingTestNG -->
