<?xml version="1.0" encoding="UTF-8"?>
<!-- Generated by org.testng.reporters.JUnitReportReporter -->
<testsuite skipped="0" hostname="PMANALA" name="com.automation.bhanuprathap.testRunner.TestRunnerCRM2" tests="2" failures="0" timestamp="20 Nov 2018 12:38:24 GMT" time="78.747" errors="0">
  <testcase name="feature" time="63.751" classname="com.automation.bhanuprathap.testRunner.TestRunnerCRM2"/>
  <testcase name="feature" time="14.996" classname="com.automation.bhanuprathap.testRunner.TestRunnerCRM2"/>
</testsuite> <!-- com.automation.bhanuprathap.testRunner.TestRunnerCRM2 -->
